<?xml version="1.0" encoding="UTF-8"?>
<!-- Generated by org.testng.reporters.JUnitXMLReporter -->
<testsuite ignored="0" hostname="jawad" failures="0" tests="4" name="Parallel3" time="0.178" errors="0" timestamp="2023-03-11T16:23:43 EST">
  <testcase classname="com.TestNG.FileUPLoadRobotClass" name="upload" time="0.0">
    <skipped/>
  </testcase> <!-- upload -->
  <testcase classname="com.TestNG.RadioButton" name="radio" time="0.0">
    <skipped/>
  </testcase> <!-- radio -->
  <testcase classname="com.TestNG.Screenshot" name="screen" time="0.001">
    <skipped/>
  </testcase> <!-- screen -->
  <testcase classname="com.TestNG.DropDownList" name="Dropdown" time="0.0">
    <skipped/>
  </testcase> <!-- Dropdown -->
</testsuite> <!-- Parallel3 -->
