<?xml version="1.0" encoding="UTF-8"?>
<!-- Generated by org.testng.reporters.JUnitXMLReporter -->
<testsuite ignored="0" hostname="jawad" failures="0" tests="4" name="Parallel1" time="0.181" errors="0" timestamp="2023-03-11T16:23:43 EST">
  <testcase classname="com.TestNG.FileUPLoadRobotClass" name="@BeforeMethod lunch" time="-1.678569823486E9">
    <failure type="org.testng.TestNGException" message="
Parameter &amp;apos;Browser&amp;apos; is required by BeforeMethod on method lunch but has not been marked @Optional or defined
in C:\Users\jawad\eclipse-workspace\Kirsh_SDET\testngParalle.xml">
      <![CDATA[org.testng.TestNGException: 
Parameter 'Browser' is required by BeforeMethod on method lunch but has not been marked @Optional or defined
in C:\Users\jawad\eclipse-workspace\Kirsh_SDET\testngParalle.xml
at java.base/java.util.ArrayList.forEach(ArrayList.java:1511)
at java.base/java.util.concurrent.FutureTask.run(FutureTask.java:317)
at java.base/java.util.concurrent.ThreadPoolExecutor.runWorker(ThreadPoolExecutor.java:1144)
at java.base/java.util.concurrent.ThreadPoolExecutor$Worker.run(ThreadPoolExecutor.java:642)
at java.base/java.lang.Thread.run(Thread.java:1589)
... Removed 18 stack frames]]>
    </failure>
  </testcase> <!-- @BeforeMethod lunch -->
  <testcase classname="com.TestNG.FileUPLoadRobotClass" name="@BeforeMethod lunch" time="-1.678569823486E9">
    <failure type="org.testng.TestNGException" message="
Parameter &amp;apos;Browser&amp;apos; is required by BeforeMethod on method lunch but has not been marked @Optional or defined
in C:\Users\jawad\eclipse-workspace\Kirsh_SDET\testngParalle.xml">
      <![CDATA[org.testng.TestNGException: 
Parameter 'Browser' is required by BeforeMethod on method lunch but has not been marked @Optional or defined
in C:\Users\jawad\eclipse-workspace\Kirsh_SDET\testngParalle.xml
at java.base/java.util.ArrayList.forEach(ArrayList.java:1511)
at java.base/java.util.concurrent.FutureTask.run(FutureTask.java:317)
at java.base/java.util.concurrent.ThreadPoolExecutor.runWorker(ThreadPoolExecutor.java:1144)
at java.base/java.util.concurrent.ThreadPoolExecutor$Worker.run(ThreadPoolExecutor.java:642)
at java.base/java.lang.Thread.run(Thread.java:1589)
... Removed 18 stack frames]]>
    </failure>
  </testcase> <!-- @BeforeMethod lunch -->
  <testcase classname="com.TestNG.FileUPLoadRobotClass" name="@AfterMethod close" time="0.0">
    <skipped/>
  </testcase> <!-- @AfterMethod close -->
  <testcase classname="com.TestNG.FileUPLoadRobotClass" name="@AfterMethod close" time="0.0">
    <skipped/>
  </testcase> <!-- @AfterMethod close -->
  <testcase classname="com.TestNG.RadioButton" name="@BeforeMethod lunch" time="-1.678569823545E9">
    <failure type="org.testng.TestNGException" message="
Parameter &amp;apos;Browser&amp;apos; is required by BeforeMethod on method lunch but has not been marked @Optional or defined
in C:\Users\jawad\eclipse-workspace\Kirsh_SDET\testngParalle.xml">
      <![CDATA[org.testng.TestNGException: 
Parameter 'Browser' is required by BeforeMethod on method lunch but has not been marked @Optional or defined
in C:\Users\jawad\eclipse-workspace\Kirsh_SDET\testngParalle.xml
at java.base/java.util.ArrayList.forEach(ArrayList.java:1511)
at java.base/java.util.concurrent.FutureTask.run(FutureTask.java:317)
at java.base/java.util.concurrent.ThreadPoolExecutor.runWorker(ThreadPoolExecutor.java:1144)
at java.base/java.util.concurrent.ThreadPoolExecutor$Worker.run(ThreadPoolExecutor.java:642)
at java.base/java.lang.Thread.run(Thread.java:1589)
... Removed 18 stack frames]]>
    </failure>
  </testcase> <!-- @BeforeMethod lunch -->
  <testcase classname="com.TestNG.RadioButton" name="@BeforeMethod lunch" time="-1.678569823544E9">
    <failure type="org.testng.TestNGException" message="
Parameter &amp;apos;Browser&amp;apos; is required by BeforeMethod on method lunch but has not been marked @Optional or defined
in C:\Users\jawad\eclipse-workspace\Kirsh_SDET\testngParalle.xml">
      <![CDATA[org.testng.TestNGException: 
Parameter 'Browser' is required by BeforeMethod on method lunch but has not been marked @Optional or defined
in C:\Users\jawad\eclipse-workspace\Kirsh_SDET\testngParalle.xml
at java.base/java.util.ArrayList.forEach(ArrayList.java:1511)
at java.base/java.util.concurrent.FutureTask.run(FutureTask.java:317)
at java.base/java.util.concurrent.ThreadPoolExecutor.runWorker(ThreadPoolExecutor.java:1144)
at java.base/java.util.concurrent.ThreadPoolExecutor$Worker.run(ThreadPoolExecutor.java:642)
at java.base/java.lang.Thread.run(Thread.java:1589)
... Removed 18 stack frames]]>
    </failure>
  </testcase> <!-- @BeforeMethod lunch -->
  <testcase classname="com.TestNG.RadioButton" name="@AfterMethod close" time="0.0">
    <skipped/>
  </testcase> <!-- @AfterMethod close -->
  <testcase classname="com.TestNG.Screenshot" name="@BeforeMethod lunch" time="-1.678569823558E9">
    <failure type="org.testng.TestNGException" message="
Parameter &amp;apos;Browser&amp;apos; is required by BeforeMethod on method lunch but has not been marked @Optional or defined
in C:\Users\jawad\eclipse-workspace\Kirsh_SDET\testngParalle.xml">
      <![CDATA[org.testng.TestNGException: 
Parameter 'Browser' is required by BeforeMethod on method lunch but has not been marked @Optional or defined
in C:\Users\jawad\eclipse-workspace\Kirsh_SDET\testngParalle.xml
at java.base/java.util.ArrayList.forEach(ArrayList.java:1511)
at java.base/java.util.concurrent.FutureTask.run(FutureTask.java:317)
at java.base/java.util.concurrent.ThreadPoolExecutor.runWorker(ThreadPoolExecutor.java:1144)
at java.base/java.util.concurrent.ThreadPoolExecutor$Worker.run(ThreadPoolExecutor.java:642)
at java.base/java.lang.Thread.run(Thread.java:1589)
... Removed 18 stack frames]]>
    </failure>
  </testcase> <!-- @BeforeMethod lunch -->
  <testcase classname="com.TestNG.RadioButton" name="@AfterMethod close" time="0.0">
    <skipped/>
  </testcase> <!-- @AfterMethod close -->
  <testcase classname="com.TestNG.Screenshot" name="@BeforeMethod lunch" time="-1.678569823565E9">
    <failure type="org.testng.TestNGException" message="
Parameter &amp;apos;Browser&amp;apos; is required by BeforeMethod on method lunch but has not been marked @Optional or defined
in C:\Users\jawad\eclipse-workspace\Kirsh_SDET\testngParalle.xml">
      <![CDATA[org.testng.TestNGException: 
Parameter 'Browser' is required by BeforeMethod on method lunch but has not been marked @Optional or defined
in C:\Users\jawad\eclipse-workspace\Kirsh_SDET\testngParalle.xml
at java.base/java.util.ArrayList.forEach(ArrayList.java:1511)
at java.base/java.util.concurrent.FutureTask.run(FutureTask.java:317)
at java.base/java.util.concurrent.ThreadPoolExecutor.runWorker(ThreadPoolExecutor.java:1144)
at java.base/java.util.concurrent.ThreadPoolExecutor$Worker.run(ThreadPoolExecutor.java:642)
at java.base/java.lang.Thread.run(Thread.java:1589)
... Removed 18 stack frames]]>
    </failure>
  </testcase> <!-- @BeforeMethod lunch -->
  <testcase classname="com.TestNG.Screenshot" name="@AfterMethod closeDriver" time="0.0">
    <skipped/>
  </testcase> <!-- @AfterMethod closeDriver -->
  <testcase classname="com.TestNG.DropDownList" name="@BeforeMethod lunch" time="-1.678569823574E9">
    <failure type="org.testng.TestNGException" message="
Parameter &amp;apos;Browser&amp;apos; is required by BeforeMethod on method lunch but has not been marked @Optional or defined
in C:\Users\jawad\eclipse-workspace\Kirsh_SDET\testngParalle.xml">
      <![CDATA[org.testng.TestNGException: 
Parameter 'Browser' is required by BeforeMethod on method lunch but has not been marked @Optional or defined
in C:\Users\jawad\eclipse-workspace\Kirsh_SDET\testngParalle.xml
at java.base/java.util.ArrayList.forEach(ArrayList.java:1511)
at java.base/java.util.concurrent.FutureTask.run(FutureTask.java:317)
at java.base/java.util.concurrent.ThreadPoolExecutor.runWorker(ThreadPoolExecutor.java:1144)
at java.base/java.util.concurrent.ThreadPoolExecutor$Worker.run(ThreadPoolExecutor.java:642)
at java.base/java.lang.Thread.run(Thread.java:1589)
... Removed 18 stack frames]]>
    </failure>
  </testcase> <!-- @BeforeMethod lunch -->
  <testcase classname="com.TestNG.Screenshot" name="@AfterMethod closeDriver" time="0.0">
    <skipped/>
  </testcase> <!-- @AfterMethod closeDriver -->
  <testcase classname="com.TestNG.DropDownList" name="@BeforeMethod lunch" time="-1.678569823579E9">
    <failure type="org.testng.TestNGException" message="
Parameter &amp;apos;Browser&amp;apos; is required by BeforeMethod on method lunch but has not been marked @Optional or defined
in C:\Users\jawad\eclipse-workspace\Kirsh_SDET\testngParalle.xml">
      <![CDATA[org.testng.TestNGException: 
Parameter 'Browser' is required by BeforeMethod on method lunch but has not been marked @Optional or defined
in C:\Users\jawad\eclipse-workspace\Kirsh_SDET\testngParalle.xml
at java.base/java.util.ArrayList.forEach(ArrayList.java:1511)
at java.base/java.util.concurrent.FutureTask.run(FutureTask.java:317)
at java.base/java.util.concurrent.ThreadPoolExecutor.runWorker(ThreadPoolExecutor.java:1144)
at java.base/java.util.concurrent.ThreadPoolExecutor$Worker.run(ThreadPoolExecutor.java:642)
at java.base/java.lang.Thread.run(Thread.java:1589)
... Removed 18 stack frames]]>
    </failure>
  </testcase> <!-- @BeforeMethod lunch -->
  <testcase classname="com.TestNG.DropDownList" name="@AfterMethod closeBrowser" time="0.0">
    <skipped/>
  </testcase> <!-- @AfterMethod closeBrowser -->
  <testcase classname="com.TestNG.DropDownList" name="@AfterMethod closeBrowser" time="0.0">
    <skipped/>
  </testcase> <!-- @AfterMethod closeBrowser -->
  <testcase classname="com.TestNG.FileUPLoadRobotClass" name="upload" time="0.0">
    <skipped/>
  </testcase> <!-- upload -->
  <testcase classname="com.TestNG.RadioButton" name="radio" time="0.0">
    <skipped/>
  </testcase> <!-- radio -->
  <testcase classname="com.TestNG.Screenshot" name="screen" time="0.0">
    <skipped/>
  </testcase> <!-- screen -->
  <testcase classname="com.TestNG.DropDownList" name="Dropdown" time="0.001">
    <skipped/>
  </testcase> <!-- Dropdown -->
</testsuite> <!-- Parallel1 -->
